<?xml version="1.0" encoding="UTF-8"?>
<testng-results ignored="0" total="3" passed="3" failed="0" skipped="0">
  <reporter-output>
  </reporter-output>
  <suite started-at="2025-09-29T11:28:06 IST" name="Default suite" finished-at="2025-09-29T11:28:09 IST" duration-ms="3753">
    <groups>
    </groups>
    <test started-at="2025-09-29T11:28:06 IST" name="Default test" finished-at="2025-09-29T11:28:09 IST" duration-ms="3753">
      <class name="Files.DynamicJson">
        <test-method signature="addBook(java.lang.String,java.lang.String)[pri:0, instance:Files.DynamicJson@35dab4eb]" started-at="2025-09-29T11:28:06 IST" name="addBook" data-provider="BooksData" finished-at="2025-09-29T11:28:09 IST" duration-ms="3288" status="PASS">
          <params>
            <param index="0">
              <value>
                <![CDATA[juykk]]>
              </value>
            </param>
            <param index="1">
              <value>
                <![CDATA[9846]]>
              </value>
            </param>
          </params>
          <reporter-output>
          </reporter-output>
        </test-method> <!-- addBook -->
        <test-method signature="addBook(java.lang.String,java.lang.String)[pri:0, instance:Files.DynamicJson@35dab4eb]" started-at="2025-09-29T11:28:09 IST" name="addBook" data-provider="BooksData" finished-at="2025-09-29T11:28:09 IST" duration-ms="198" status="PASS">
          <params>
            <param index="0">
              <value>
                <![CDATA[wetprd]]>
              </value>
            </param>
            <param index="1">
              <value>
                <![CDATA[68065]]>
              </value>
            </param>
          </params>
          <reporter-output>
          </reporter-output>
        </test-method> <!-- addBook -->
        <test-method signature="addBook(java.lang.String,java.lang.String)[pri:0, instance:Files.DynamicJson@35dab4eb]" started-at="2025-09-29T11:28:09 IST" name="addBook" data-provider="BooksData" finished-at="2025-09-29T11:28:09 IST" duration-ms="180" status="PASS">
          <params>
            <param index="0">
              <value>
                <![CDATA[aiddg]]>
              </value>
            </param>
            <param index="1">
              <value>
                <![CDATA[34954]]>
              </value>
            </param>
          </params>
          <reporter-output>
          </reporter-output>
        </test-method> <!-- addBook -->
      </class> <!-- Files.DynamicJson -->
    </test> <!-- Default test -->
  </suite> <!-- Default suite -->
</testng-results>
