<?xml version="1.0" encoding="UTF-8"?>
<!-- Generated by org.testng.reporters.JUnitReportReporter -->
<testsuite hostname="PRATSAV" failures="0" tests="3" name="Files.DynamicJson" time="3.666" errors="0" timestamp="2025-09-29T11:28:10 IST" skipped="0">
  <testcase classname="Files.DynamicJson" name="addBook" time="0.180"/>
  <testcase classname="Files.DynamicJson" name="addBook" time="0.198"/>
  <testcase classname="Files.DynamicJson" name="addBook" time="3.288"/>
</testsuite> <!-- Files.DynamicJson -->
